Analysis initiated from SIMULIA established products
Abaqus JOB Job-1
Abaqus 3DEXPERIENCE R2017x
Abaqus License Manager checked out the following licenses:
Abaqus/Standard checked out 5 tokens from Flexnet server lm.rcc.psu.edu.
<181 out of 300 licenses remain available>.
Begin Analysis Input File Processor
Fri 26 Apr 2019 04:09:17 PM EDT
Run pre
Fri 26 Apr 2019 04:09:20 PM EDT
End Analysis Input File Processor
Begin Abaqus/Standard Analysis
Fri 26 Apr 2019 04:09:20 PM EDT
Run standard
Fri 26 Apr 2019 04:09:24 PM EDT
End Abaqus/Standard Analysis
Begin MFS->SFS and SIM cleanup
Fri 26 Apr 2019 04:09:24 PM EDT
Run SMASimUtility
Fri 26 Apr 2019 04:09:24 PM EDT
End MFS->SFS and SIM cleanup
Abaqus JOB Job-1 COMPLETED
